==============================================================================
Suites                                                                        
==============================================================================
Suites.HandleAndFrame                                                         
==============================================================================
Verify Alert                                                          | PASS |
------------------------------------------------------------------------------
Verify Alert with cancel                                              | PASS |
------------------------------------------------------------------------------
Verify Alert with Textbox                                             | PASS |
------------------------------------------------------------------------------
Verify Frame                                                          | PASS |
------------------------------------------------------------------------------
Suites.HandleAndFrame                                                 | PASS |
4 critical tests, 4 passed, 0 failed
4 tests total, 4 passed, 0 failed
==============================================================================
Suites                                                                | PASS |
4 critical tests, 4 passed, 0 failed
4 tests total, 4 passed, 0 failed
==============================================================================
Output:  C:\Users\user\PycharmProjects\robotframeworkautomation\Reports\pabot_results\2\output.xml
